2020-03-24 11:01:35:INFO  [com.goldsign.csfrm.service.impl.ConfigFileService.loadLogFile(ConfigFileService.java:100)] - 加载日志文件成功！
2020-03-24 11:01:36:INFO  [com.goldsign.csfrm.service.impl.ConfigFileService.loadConfigAndLogFile(ConfigFileService.java:47)] - 加载配置文件成功！
2020-03-24 11:04:26:INFO  [com.goldsign.csfrm.service.impl.ConfigFileService.loadLogFile(ConfigFileService.java:100)] - 加载日志文件成功！
2020-03-24 11:04:26:INFO  [com.goldsign.csfrm.service.impl.ConfigFileService.loadConfigAndLogFile(ConfigFileService.java:47)] - 加载配置文件成功！
2020-03-24 11:05:29:INFO  [com.goldsign.csfrm.service.impl.ConfigFileService.loadLogFile(ConfigFileService.java:100)] - 加载日志文件成功！
2020-03-24 11:05:29:INFO  [com.goldsign.csfrm.service.impl.ConfigFileService.loadConfigAndLogFile(ConfigFileService.java:47)] - 加载配置文件成功！
2020-03-24 11:10:39:INFO  [com.goldsign.csfrm.service.impl.ConfigFileService.loadLogFile(ConfigFileService.java:100)] - 加载日志文件成功！
2020-03-24 11:10:39:INFO  [com.goldsign.csfrm.service.impl.ConfigFileService.loadConfigAndLogFile(ConfigFileService.java:47)] - 加载配置文件成功！
2020-03-24 11:22:28:INFO  [com.goldsign.csfrm.service.impl.ConfigFileService.loadLogFile(ConfigFileService.java:100)] - 加载日志文件成功！
2020-03-24 11:22:28:INFO  [com.goldsign.csfrm.service.impl.ConfigFileService.loadConfigAndLogFile(ConfigFileService.java:47)] - 加载配置文件成功！
2020-03-24 11:22:31:INFO  [com.goldsign.esmcs.application.Application.startFileDownServer(Application.java:563)] - 完成启动文件下载服务线程！
2020-03-24 11:22:31:INFO  [com.goldsign.esmcs.service.impl.CommuService.openCommu(CommuService.java:169)] - SOCKET通讯端口成功！
2020-03-24 11:22:31:INFO  [com.goldsign.esmcs.application.Application.openCommu(Application.java:184)] - 打开SOCKET通讯成功！
2020-03-24 11:22:31:INFO  [com.goldsign.esmcs.commu.EsCommuClient.read(EsCommuClient.java:136)] - 消息读错误！
2020-03-24 11:22:31:ERROR [com.goldsign.esmcs.commu.EsCommuClient.read(EsCommuClient.java:185)] - 接收的数据处理时有错,错误代码为:1002
2020-03-24 11:22:31:ERROR [com.goldsign.esmcs.application.Application.downAuditAndErrorFile(Application.java:270)] - 下载或记录审计和错误文件失败:---通讯（下载审计和错误文件）异常，错误码：1002.
2020-03-24 11:28:05:INFO  [com.goldsign.csfrm.service.impl.ConfigFileService.loadLogFile(ConfigFileService.java:100)] - 加载日志文件成功！
2020-03-24 11:28:05:INFO  [com.goldsign.csfrm.service.impl.ConfigFileService.loadConfigAndLogFile(ConfigFileService.java:47)] - 加载配置文件成功！
2020-03-24 11:28:05:INFO  [com.goldsign.esmcs.application.Application.startFileDownServer(Application.java:563)] - 完成启动文件下载服务线程！
2020-03-24 11:28:05:INFO  [com.goldsign.esmcs.service.impl.CommuService.openCommu(CommuService.java:169)] - SOCKET通讯端口成功！
2020-03-24 11:28:05:INFO  [com.goldsign.esmcs.application.Application.openCommu(Application.java:184)] - 打开SOCKET通讯成功！
2020-03-24 11:28:05:INFO  [com.goldsign.esmcs.commu.EsCommuClient.read(EsCommuClient.java:136)] - 消息读错误！
2020-03-24 11:28:05:ERROR [com.goldsign.esmcs.commu.EsCommuClient.read(EsCommuClient.java:185)] - 接收的数据处理时有错,错误代码为:1002
2020-03-24 11:28:05:ERROR [com.goldsign.esmcs.application.Application.downAuditAndErrorFile(Application.java:270)] - 下载或记录审计和错误文件失败:---通讯（下载审计和错误文件）异常，错误码：1002.
