2020-11-25 16:21:20:INFO  [com.goldsign.csfrm.service.impl.ConfigFileService.loadLogFile(ConfigFileService.java:100)] - 加载日志文件成功！
2020-11-25 16:21:20:INFO  [com.goldsign.csfrm.service.impl.ConfigFileService.loadConfigAndLogFile(ConfigFileService.java:47)] - 加载配置文件成功！
2020-11-25 16:21:20:INFO  [com.goldsign.esmcs.application.Application.startFileDownServer(Application.java:563)] - 完成启动文件下载服务线程！
2020-11-25 16:21:21:INFO  [com.goldsign.esmcs.service.impl.CommuService.openCommu(CommuService.java:169)] - SOCKET通讯端口成功！
2020-11-25 16:21:21:INFO  [com.goldsign.esmcs.application.Application.openCommu(Application.java:184)] - 打开SOCKET通讯成功！
2020-11-25 16:21:21:INFO  [com.goldsign.esmcs.commu.EsCommuClient.read(EsCommuClient.java:161)] - 长度:9
2020-11-25 16:21:21:INFO  [com.goldsign.esmcs.commu.EsCommuClient.read(EsCommuClient.java:187)] - 接收数据：34,35,30,30,30,30,30,00,00
2020-11-25 16:21:21:INFO  [com.goldsign.esmcs.service.impl.CommuService.downAuditAndErrorFile(CommuService.java:230)] - 下载审计和错误文件,结果：true
2020-11-25 16:21:21:INFO  [com.goldsign.esmcs.application.Application.downAuditAndErrorFile(Application.java:275)] - 下载或记录审计和错误文件成功!
2020-11-25 16:21:21:INFO  [com.goldsign.esmcs.commu.EsCommuClient.send(EsCommuClient.java:90)] - 发送数据:34,36
2020-11-25 16:21:23:INFO  [com.goldsign.esmcs.commu.EsCommuClient.read(EsCommuClient.java:161)] - 长度:124
2020-11-25 16:21:23:INFO  [com.goldsign.esmcs.commu.EsCommuClient.read(EsCommuClient.java:187)] - 接收数据：34,37,04,00,50,52,4D,31,31,31,2E,30,36,30,31,2E,32,30,32,30,31,31,32,35,2E,30,31,20,20,20,20,20,20,20,50,52,4D,31,31,31,2E,30,36,30,32,2E,32,30,32,30,31,31,32,35,2E,30,31,20,20,20,20,20,20,20,50,52,4D,31,31,31,2E,30,36,30,33,2E,32,30,32,30,31,31,32,35,2E,30,31,20,20,20,20,20,20,20,50,52,4D,31,31,31,2E,30,36,30,34,2E,32,30,32,30,31,31,32,35,2E,30,31,20,20,20,20,20,20,20
2020-11-25 16:21:23:INFO  [com.goldsign.esmcs.service.impl.CommuService.queryBlacklist(CommuService.java:418)] - 下载黑名单,结果：true
2020-11-25 16:21:23:INFO  [com.goldsign.esmcs.application.Application.queryBlacklist(Application.java:303)] - 下载黑名单文件成功.
2020-11-25 16:21:23:INFO  [com.goldsign.esmcs.commu.EsCommuClient.send(EsCommuClient.java:90)] - 发送数据:34,38
2020-11-25 16:21:23:INFO  [com.goldsign.esmcs.commu.EsCommuClient.read(EsCommuClient.java:161)] - 长度:34
2020-11-25 16:21:23:INFO  [com.goldsign.esmcs.commu.EsCommuClient.read(EsCommuClient.java:187)] - 接收数据：34,39,01,00,50,52,4D,31,31,31,2E,30,32,30,33,2E,32,30,32,30,31,31,32,35,2E,30,31,20,20,20,20,20,20,20
2020-11-25 16:21:23:INFO  [com.goldsign.esmcs.service.impl.CommuService.querySamlist(CommuService.java:467)] - 下载SAM列表,结果：true
2020-11-25 16:21:23:INFO  [com.goldsign.esmcs.application.Application.querySamlist(Application.java:331)] - 下载SAM卡文件成功!
2020-11-25 16:21:23:INFO  [com.goldsign.esmcs.commu.EsCommuClient.send(EsCommuClient.java:90)] - 发送数据:33,32
2020-11-25 16:21:23:INFO  [com.goldsign.esmcs.commu.EsCommuClient.read(EsCommuClient.java:161)] - 长度:26
2020-11-25 16:21:23:INFO  [com.goldsign.esmcs.commu.EsCommuClient.read(EsCommuClient.java:187)] - 接收数据：33,33,38,33,30,30,30,30,30,33,30,30,20,20,30,39,39,31,30,30,30,31,30,30,30,31
2020-11-25 16:21:23:INFO  [com.goldsign.esmcs.service.impl.CommuService.queryParams(CommuService.java:277)] - 下载城市代码,结果：true
2020-11-25 16:21:23:INFO  [com.goldsign.esmcs.application.Application.queryParams(Application.java:359)] - 查询城市参数成功!
2020-11-25 16:21:23:INFO  [com.goldsign.esmcs.commu.EsCommuClient.send(EsCommuClient.java:90)] - 发送数据:34,32
2020-11-25 16:21:23:INFO  [com.goldsign.esmcs.commu.EsCommuClient.read(EsCommuClient.java:161)] - 长度:1704
2020-11-25 16:21:24:INFO  [com.goldsign.esmcs.commu.EsCommuClient.read(EsCommuClient.java:187)] - 接收数据：34,33,32,00,30,31,30,30,C6,D5,CD,A8,B5,A5,B3,CC,C6,B1,20,20,20,20,20,20,20,20,20,20,20,20,20,20,20,20,20,20,20,20,30,38,30,30,CA,D6,BB,FA,C6,B1,20,20,20,20,20,20,20,20,20,20,20,20,20,20,20,20,20,20,20,20,20,20,20,20,31,32,34,34,32,38,30,B4,CE,B5,E7,D7,D3,B4,CE,C6,B1,20,20,20,20,20,20,20,20,20,20,20,20,20,20,20,20,20,30,35,30,32,B9,AB,CE,F1,C6,B1,20,20,20,20,20,20,20,20,20,20,20,20,20,20,20,20,20,20,20,20,20,20,20,20,30,34,30,33,B6,A8,B4,CE,BC,CD,C4,EE,C6,B1,31,20,20,20,20,20,20,20,20,20,20,20,20,20,20,20,20,20,20,20,30,36,30,33,4F,43,54,BD,BC,C7,F8,B3,C9,C8,CB,C6,B1,20,20,20,20,20,20,20,20,20,20,20,20,20,20,20,20,20,30,35,30,34,B9,AB,CE,F1,C6,B1,32,20,20,20,20,20,20,20,20,20,20,20,20,20,20,20,20,20,20,20,20,20,20,20,30,35,30,35,B9,A4,D7,F7,C6,B1,20,20,20,20,20,20,20,20,20,20,20,20,20,20,20,20,20,20,20,20,20,20,20,20,30,36,30,36,4F,43,54,C0,CF,C8,CB,C6,B1,20,20,20,20,20,20,20,20,20,20,20,20,20,20,20,20,20,20,20,20,20,30,38,34,31,33,30,B4,CE,CA,D6,BB,FA,B4,CE,C6,B1,20,20,20,20,20,20,20,20,20,20,20,20,20,20,20,20,20,20,30,33,34,32,35,30,B4,CE,B3,CB,B4,CE,C6,B1,20,20,20,20,20,20,20,20,20,20,20,20,20,20,20,20,20,20,20,20,31,32,34,32,35,30,B4,CE,B5,E7,D7,D3,B4,CE,C6,B1,20,20,20,20,20,20,20,20,20,20,20,20,20,20,20,20,20,20,30,38,34,35,34,32,30,B4,CE,CA,D6,BB,FA,B4,CE,C6,B1,20,20,20,20,20,20,20,20,20,20,20,20,20,20,20,20,20,30,38,34,36,35,36,30,B4,CE,CA,D6,BB,FA,B4,CE,C6,B1,20,20,20,20,20,20,20,20,20,20,20,20,20,20,20,20,20,30,34,30,30,B6,A8,D6,B5,BC,CD,C4,EE,C6,B1,20,20,20,20,20,20,20,20,20,20,20,20,20,20,20,20,20,20,20,20,30,36,30,30,4F,43,54,C6,D5,CD,A8,C6,B1,31,20,20,20,20,20,20,20,20,20,20,20,20,20,20,20,20,20,20,20,20,30,37,30,30,D2,EC,D0,CD,B4,A2,D6,B5,C6,B1,20,20,20,20,20,20,20,20,20,20,20,20,20,20,20,20,20,20,20,20,30,36,30,32,4F,43,54,CA,D0,C7,F8,B3,C9,C8,CB,C6,B1,20,20,20,20,20,20,20,20,20,20,20,20,20,20,20,20,20,30,36,30,34,4F,43,54,CA,D0,C7,F8,D1,A7,C9,FA,C6,B1,20,20,20,20,20,20,20,20,20,20,20,20,20,20,20,20,20,31,32,34,33,31,34,30,B4,CE,B5,E7,D7,D3,B4,CE,C6,B1,20,20,20,20,20,20,20,20,20,20,20,20,20,20,20,20,20,30,36,30,31,4F,43,54,C6,D5,CD,A8,C6,B1,32,20,20,20,20,20,20,20,20,20,20,20,20,20,20,20,20,20,20,20,20,31,31,30,31,B6,FE,CE,AC,C2,EB,C6,D5,CD,A8,C6,B1,28,D2,F8,C1,AA,29,20,20,20,20,20,20,20,20,20,20,20,20,30,31,30,33,B8,A3,C0,FB,C6,B1,20,20,20,20,20,20,20,20,20,20,20,20,20,20,20,20,20,20,20,20,20,20,20,20,30,33,30,39,D4,C2,C6,B1,20,20,20,20,20,20,20,20,20,20,20,20,20,20,20,20,20,20,20,20,20,20,20,20,20,20,31,32,34,31,33,30,B4,CE,B5,E7,D7,D3,B4,CE,C6,B1,20,20,20,20,20,20,20,20,20,20,20,20,20,20,20,20,20,20,31,30,30,30,BD,BB,CD,A8,D2,BB,BF,A8,CD,A8,20,20,20,20,20,20,20,20,20,20,20,20,20,20,20,20,20,20,20,20,30,32,30,32,C0,CF,C8,CB,C6,B1,20,20,20,20,20,20,20,20,20,20,20,20,20,20,20,20,20,20,20,20,20,20,20,20,30,38,34,32,35,30,B4,CE,CA,D6,BB,FA,B4,CE,C6,B1,20,20,20,20,20,20,20,20,20,20,20,20,20,20,20,20,20,20,30,38,34,34,32,38,30,B4,CE,CA,D6,BB,FA,B4,CE,C6,B1,20,20,20,20,20,20,20,20,20,20,20,20,20,20,20,20,20,31,32,34,35,34,32,30,B4,CE,B5,E7,D7,D3,B4,CE,C6,B1,20,20,20,20,20,20,20,20,20,20,20,20,20,20,20,20,20,31,32,34,36,35,36,30,B4,CE,B5,E7,D7,D3,B4,CE,C6,B1,20,20,20,20,20,20,20,20,20,20,20,20,20,20,20,20,20,30,32,30,30,C6,D5,CD,A8,B4,A2,D6,B5,C6,B1,20,20,20,20,20,20,20,20,20,20,20,20,20,20,20,20,20,20,20,20,30,35,30,30,D4,B1,B9,A4,C6,B1,20,20,20,20,20,20,20,20,20,20,20,20,20,20,20,20,20,20,20,20,20,20,20,20,30,39,30,30,C7,F8,B6,CE,B6,A8,D6,C6,C6,B1,20,20,20,20,20,20,20,20,20,20,20,20,20,20,20,20,20,20,20,20,31,31,30,30,B6,FE,CE,AC,C2,EB,C6,D5,CD,A8,C6,B1,20,20,20,20,20,20,20,20,20,20,20,20,20,20,20,20,20,20,30,31,30,31,CD,F9,B7,B5,C6,B1,20,20,20,20,20,20,20,20,20,20,20,20,20,20,20,20,20,20,20,20,20,20,20,20,30,32,30,31,D1,A7,C9,FA,B4,A2,D6,B5,C6,B1,20,20,20,20,20,20,20,20,20,20,20,20,20,20,20,20,20,20,20,20,30,33,30,31,D2,BB,C8,D5,C6,B1,20,20,20,20,20,20,20,20,20,20,20,20,20,20,20,20,20,20,20,20,20,20,20,20,30,35,30,31,B3,B5,D5,BE,B9,A4,D7,F7,C6,B1,20,20,20,20,20,20,20,20,20,20,20,20,20,20,20,20,20,20,20,20,30,35,30,33,B9,AB,CE,F1,C6,B1,31,20,20,20,20,20,20,20,20,20,20,20,20,20,20,20,20,20,20,20,20,20,20,20,30,36,30,35,4F,43,54,BD,BC,C7,F8,D1,A7,C9,FA,C6,B1,20,20,20,20,20,20,20,20,20,20,20,20,20,20,20,20,20,30,36,30,37,4F,43,54,B0,AE,D0,C4,C6,B1,20,20,20,20,20,20,20,20,20,20,20,20,20,20,20,20,20,20,20,20,20,30,33,34,31,33,30,B4,CE,B3,CB,B4,CE,C6,B1,20,20,20,20,20,20,20,20,20,20,20,20,20,20,20,20,20,20,20,20,30,33,34,33,31,34,30,B4,CE,B3,CB,B4,CE,C6,B1,20,20,20,20,20,20,20,20,20,20,20,20,20,20,20,20,20,20,20,30,35,30,36,B9,A4,D7,F7,C6,B1,31,20,20,20,20,20,20,20,20,20,20,20,20,20,20,20,20,20,20,20,20,20,20,20,31,32,34,37,37,37,30,B4,CE,B5,E7,D7,D3,B4,CE,C6,B1,20,20,20,20,20,20,20,20,20,20,20,20,20,20,20,20,20,30,33,30,30,C6,D5,CD,A8,B3,CB,B4,CE,C6,B1,20,20,20,20,20,20,20,20,20,20,20,20,20,20,20,20,20,20,20,20,30,34,30,31,B6,A8,B4,CE,BC,CD,C4,EE,C6,B1,20,20,20,20,20,20,20,20,20,20,20,20,20,20,20,20,20,20,20,20,30,33,30,32,C8,FD,C8,D5,C6,B1,20,20,20,20,20,20,20,20,20,20,20,20,20,20,20,20,20,20,20,20,20,20,20,20,30,38,34,33,31,34,30,B4,CE,CA,D6,BB,FA,B4,CE,C6,B1,20,20,20,20,20,20,20,20,20,20,20,20,20,20,20,20,20
2020-11-25 16:21:24:INFO  [com.goldsign.esmcs.service.impl.CommuService.queryCardTypes(CommuService.java:357)] - len50
2020-11-25 16:21:24:INFO  [com.goldsign.esmcs.thread.ComFileDownThread$1.run(ComFileDownThread.java:115)] - FTP下载：FtpFileParamVo{remotePath=param, localPath=E:/EsData/data/download/param, file=PRM111.0601.20201125.01}
2020-11-25 16:21:24:INFO  [com.goldsign.esmcs.thread.ComFileDownThread$1.run(ComFileDownThread.java:115)] - FTP下载：FtpFileParamVo{remotePath=param, localPath=E:/EsData/data/download/param, file=PRM111.0604.20201125.01}
2020-11-25 16:21:24:INFO  [com.goldsign.esmcs.thread.ComFileDownThread$1.run(ComFileDownThread.java:115)] - FTP下载：FtpFileParamVo{remotePath=param, localPath=E:/EsData/data/download/param, file=PRM111.0602.20201125.01}
2020-11-25 16:21:24:INFO  [com.goldsign.esmcs.thread.ComFileDownThread$1.run(ComFileDownThread.java:115)] - FTP下载：FtpFileParamVo{remotePath=param, localPath=E:/EsData/data/download/param, file=PRM111.0203.20201125.01}
2020-11-25 16:21:24:INFO  [com.goldsign.esmcs.thread.ComFileDownThread$1.run(ComFileDownThread.java:115)] - FTP下载：FtpFileParamVo{remotePath=param, localPath=E:/EsData/data/download/param, file=PRM111.0603.20201125.01}
2020-11-25 16:21:24:INFO  [com.goldsign.esmcs.ftp.CommuFtp.ftpGetFile(CommuFtp.java:273)] - PRM111.0601.20201125.01
2020-11-25 16:21:24:INFO  [com.goldsign.esmcs.ftp.CommuFtp.ftpGetFile(CommuFtp.java:273)] - PRM111.0203.20201125.01
2020-11-25 16:21:24:INFO  [com.goldsign.esmcs.ftp.CommuFtp.ftpGetFile(CommuFtp.java:273)] - PRM111.0604.20201125.01
2020-11-25 16:21:24:INFO  [com.goldsign.esmcs.ftp.CommuFtp.ftpGetFile(CommuFtp.java:273)] - PRM111.0602.20201125.01
2020-11-25 16:21:24:INFO  [com.goldsign.esmcs.ftp.CommuFtp.ftpGetFile(CommuFtp.java:273)] - PRM111.0603.20201125.01
2020-11-25 16:21:24:INFO  [com.goldsign.esmcs.service.impl.CommuService.queryCardTypes(CommuService.java:369)] - 下载票种,结果：true
2020-11-25 16:21:24:INFO  [com.goldsign.esmcs.application.Application.queryCardTypes(Application.java:387)] - 查询票种参数成功!
2020-11-25 16:21:24:INFO  [com.goldsign.esmcs.commu.EsCommuClient.send(EsCommuClient.java:90)] - 发送数据:34,30
2020-11-25 16:21:24:INFO  [com.goldsign.esmcs.commu.EsCommuClient.read(EsCommuClient.java:161)] - 长度:284
2020-11-25 16:21:24:INFO  [com.goldsign.esmcs.commu.EsCommuClient.read(EsCommuClient.java:187)] - 接收数据：34,31,1C,00,30,20,20,20,20,20,20,20,20,20,31,20,20,20,20,20,20,20,20,20,31,30,30,20,20,20,20,20,20,20,31,34,30,20,20,20,20,20,20,20,31,35,30,20,20,20,20,20,20,20,31,36,30,20,20,20,20,20,20,20,31,38,30,20,20,20,20,20,20,20,32,30,30,20,20,20,20,20,20,20,32,31,30,20,20,20,20,20,20,20,32,34,30,20,20,20,20,20,20,20,32,35,30,20,20,20,20,20,20,20,32,37,30,20,20,20,20,20,20,20,32,38,30,20,20,20,20,20,20,20,33,30,30,20,20,20,20,20,20,20,33,32,30,20,20,20,20,20,20,20,33,35,30,20,20,20,20,20,20,20,33,36,30,20,20,20,20,20,20,20,34,30,30,20,20,20,20,20,20,20,34,32,30,20,20,20,20,20,20,20,34,35,30,20,20,20,20,20,20,20,34,38,30,20,20,20,20,20,20,20,34,39,30,20,20,20,20,20,20,20,35,30,30,20,20,20,20,20,20,20,35,34,30,20,20,20,20,20,20,20,35,36,30,20,20,20,20,20,20,20,36,30,30,20,20,20,20,20,20,20,36,33,30,20,20,20,20,20,20,20,37,30,30,20,20,20,20,20,20,20
2020-11-25 16:21:24:INFO  [com.goldsign.esmcs.service.impl.CommuService.queryTicketPrice(CommuService.java:324)] - 下载票价,结果：true
2020-11-25 16:21:24:INFO  [com.goldsign.esmcs.application.Application.queryTicketPrice(Application.java:413)] - 查询票价参数成功!
2020-11-25 16:21:24:INFO  [com.goldsign.esmcs.application.Application.startOrderNoticeMonitor(Application.java:523)] - 完成启动订单通知线程！
2020-11-25 16:21:24:ERROR [com.goldsign.esmcs.service.impl.FileService.getUnNoticeOrderMsg(FileService.java:273)] - java.io.FileNotFoundException: E:\EsData\data\upload\error (拒绝访问。)
2020-11-25 16:21:24:ERROR [com.goldsign.esmcs.thread.EsOrderNoticeThread.sendUnNoticeOrderMsg(EsOrderNoticeThread.java:78)] - 发送未通知订单-取文件异常:com.goldsign.esmcs.exception.FileException: java.io.FileNotFoundException: E:\EsData\data\upload\error (拒绝访问。)
2020-11-25 16:21:24:ERROR [com.goldsign.esmcs.ftp.CommuFtp.ftpGetFile(CommuFtp.java:294)] - 获取文件PRM111.0604.20201125.01失败。返回消息：500 OOPS: vsf_sysutil_bind

2020-11-25 16:21:24:ERROR [com.goldsign.esmcs.ftp.CommuFtp.ftpGetFile(CommuFtp.java:294)] - 获取文件PRM111.0601.20201125.01失败。返回消息：500 OOPS: vsf_sysutil_bind

2020-11-25 16:21:24:ERROR [com.goldsign.esmcs.ftp.CommuFtp.ftpGetFileSingle(CommuFtp.java:234)] - 获取文件PRM111.0601.20201125.01失败。返回消息：500 OOPS: vsf_sysutil_bind

2020-11-25 16:21:24:ERROR [com.goldsign.esmcs.thread.ComFileDownThread$1.run(ComFileDownThread.java:119)] - FtpFileParamVo{remotePath=param, localPath=E:/EsData/data/download/param, file=PRM111.0601.20201125.01}
2020-11-25 16:21:24:ERROR [com.goldsign.esmcs.thread.ComFileDownThread$1.run(ComFileDownThread.java:120)] - 文件下载失败：获取文件PRM111.0601.20201125.01失败
2020-11-25 16:21:24:ERROR [com.goldsign.esmcs.ftp.CommuFtp.ftpGetFile(CommuFtp.java:294)] - 获取文件PRM111.0203.20201125.01失败。返回消息：500 OOPS: vsf_sysutil_bind

2020-11-25 16:21:24:ERROR [com.goldsign.esmcs.ftp.CommuFtp.ftpGetFileSingle(CommuFtp.java:234)] - 获取文件PRM111.0604.20201125.01失败。返回消息：500 OOPS: vsf_sysutil_bind

2020-11-25 16:21:24:ERROR [com.goldsign.esmcs.thread.ComFileDownThread$1.run(ComFileDownThread.java:119)] - FtpFileParamVo{remotePath=param, localPath=E:/EsData/data/download/param, file=PRM111.0604.20201125.01}
2020-11-25 16:21:24:ERROR [com.goldsign.esmcs.thread.ComFileDownThread$1.run(ComFileDownThread.java:120)] - 文件下载失败：获取文件PRM111.0604.20201125.01失败
2020-11-25 16:21:24:ERROR [com.goldsign.esmcs.ftp.CommuFtp.ftpGetFileSingle(CommuFtp.java:234)] - 获取文件PRM111.0203.20201125.01失败。返回消息：500 OOPS: vsf_sysutil_bind

2020-11-25 16:21:24:ERROR [com.goldsign.esmcs.thread.ComFileDownThread$1.run(ComFileDownThread.java:119)] - FtpFileParamVo{remotePath=param, localPath=E:/EsData/data/download/param, file=PRM111.0203.20201125.01}
2020-11-25 16:21:24:ERROR [com.goldsign.esmcs.thread.ComFileDownThread$1.run(ComFileDownThread.java:120)] - 文件下载失败：获取文件PRM111.0203.20201125.01失败
2020-11-25 16:21:24:ERROR [com.goldsign.esmcs.ftp.CommuFtp.ftpGetFile(CommuFtp.java:294)] - 获取文件PRM111.0602.20201125.01失败。返回消息：550 Failed to open file.

2020-11-25 16:21:24:ERROR [com.goldsign.esmcs.ftp.CommuFtp.ftpGetFile(CommuFtp.java:294)] - 获取文件PRM111.0603.20201125.01失败。返回消息：550 Failed to open file.

2020-11-25 16:21:24:ERROR [com.goldsign.esmcs.ftp.CommuFtp.ftpGetFileSingle(CommuFtp.java:234)] - 获取文件PRM111.0602.20201125.01失败。返回消息：550 Failed to open file.

2020-11-25 16:21:24:ERROR [com.goldsign.esmcs.thread.ComFileDownThread$1.run(ComFileDownThread.java:119)] - FtpFileParamVo{remotePath=param, localPath=E:/EsData/data/download/param, file=PRM111.0602.20201125.01}
2020-11-25 16:21:24:ERROR [com.goldsign.esmcs.thread.ComFileDownThread$1.run(ComFileDownThread.java:120)] - 文件下载失败：获取文件PRM111.0602.20201125.01失败
2020-11-25 16:21:24:ERROR [com.goldsign.esmcs.ftp.CommuFtp.ftpGetFileSingle(CommuFtp.java:234)] - 获取文件PRM111.0603.20201125.01失败。返回消息：550 Failed to open file.

2020-11-25 16:21:24:ERROR [com.goldsign.esmcs.thread.ComFileDownThread$1.run(ComFileDownThread.java:119)] - FtpFileParamVo{remotePath=param, localPath=E:/EsData/data/download/param, file=PRM111.0603.20201125.01}
2020-11-25 16:21:24:ERROR [com.goldsign.esmcs.thread.ComFileDownThread$1.run(ComFileDownThread.java:120)] - 文件下载失败：获取文件PRM111.0603.20201125.01失败
2020-11-25 16:21:25:INFO  [com.goldsign.esmcs.application.Application.loadDataConnectionPool(Application.java:1076)] - 加载数据库连接池成功!
2020-11-25 16:21:34:INFO  [com.goldsign.esmcs.commu.EsCommuClient.send(EsCommuClient.java:90)] - 发送数据:33,30,31,77,75,71,71,20,20,20,20,69,63,63,73,38,38,20,20,32,30,32,30,2D,31,31,2D,32,35,20,31,36,3A,32,31,3A,33,34,20,31,32,33
2020-11-25 16:21:35:INFO  [com.goldsign.esmcs.commu.EsCommuClient.read(EsCommuClient.java:161)] - 长度:5
2020-11-25 16:21:35:INFO  [com.goldsign.esmcs.commu.EsCommuClient.read(EsCommuClient.java:187)] - 接收数据：33,31,30,37,31
2020-11-25 16:21:35:INFO  [com.goldsign.esmcs.service.impl.CommuService.loginOperator(CommuService.java:107)] - 验证操作员,结果：true
2020-11-25 16:21:35:INFO  [com.goldsign.esmcs.application.Application.authen(Application.java:883)] - 登录认证成功!
2020-11-25 16:21:35:INFO  [com.goldsign.esmcs.commu.EsCommuClient.send(EsCommuClient.java:90)] - 发送数据:34,34,30,39,31,32,33,77,75,71,71,20,20,20,20,20,20,32,30,32,30,31,31,32,35,20,31,36,32,31,33,35,20,20,20,20,20,30,30,30,36,B2,D9,D7,F7,D4,B1,B5,C7,C2,BC,20,20,20,20,20,20,20,20,20,20,20,20,20,20,20,20,20,20,20,20
2020-11-25 16:21:35:INFO  [com.goldsign.esmcs.service.impl.CommuService.updateDeviceStatus(CommuService.java:742)] - 更改设备状态成功！
2020-11-25 16:21:35:INFO  [com.goldsign.esmcs.application.Application.updateDeviceStatusLogin(Application.java:906)] - 更改设备状态（登录）成功!
2020-11-25 16:21:37:INFO  [com.goldsign.esmcs.application.Application.startStatusBarSystemClock(Application.java:702)] - 完成启动系统时钟线程.
2020-11-25 16:21:38:INFO  [com.goldsign.esmcs.application.Application.startEsCommuMonitor(Application.java:729)] - 完成启动通讯监控线程.
2020-11-25 16:21:38:INFO  [com.goldsign.esmcs.service.impl.CommuService.isCommuOk(CommuService.java:757)] - ES通讯测试连接，结果：true
2020-11-25 16:21:38:INFO  [com.goldsign.esmcs.thread.EsCommuMonitorThread.run(EsCommuMonitorThread.java:48)] - isCommuOktrue
2020-11-25 16:21:38:INFO  [com.goldsign.esmcs.application.PKApplication.startPhyLogicFileThread(PKApplication.java:97)] - 启动物理卡号与逻辑卡号对照文件下载服务线程！
2020-11-25 16:21:38:INFO  [com.goldsign.esmcs.ftp.CommuFtp.ftpGetFile(CommuFtp.java:273)] - ESPLM.20201125
2020-11-25 16:21:38:ERROR [com.goldsign.esmcs.ftp.CommuFtp.ftpGetFile(CommuFtp.java:294)] - 获取文件ESPLM.20201125失败。返回消息：550 Failed to open file.

2020-11-25 16:21:38:ERROR [com.goldsign.esmcs.ftp.CommuFtp.ftpGetFileSingle(CommuFtp.java:234)] - 获取文件ESPLM.20201125失败。返回消息：550 Failed to open file.

2020-11-25 16:21:38:ERROR [com.goldsign.esmcs.thread.PhyLogicFileDownThread.run(PhyLogicFileDownThread.java:70)] - com.goldsign.esmcs.exception.FileFtpException: 获取文件ESPLM.20201125失败
2020-11-25 16:22:08:INFO  [com.goldsign.esmcs.service.impl.CommuService.isCommuOk(CommuService.java:757)] - ES通讯测试连接，结果：true
2020-11-25 16:22:08:INFO  [com.goldsign.esmcs.thread.EsCommuMonitorThread.run(EsCommuMonitorThread.java:48)] - isCommuOktrue
2020-11-25 16:22:24:ERROR [com.goldsign.esmcs.service.impl.FileService.getUnNoticeOrderMsg(FileService.java:273)] - java.io.FileNotFoundException: E:\EsData\data\upload\error (拒绝访问。)
2020-11-25 16:22:24:ERROR [com.goldsign.esmcs.thread.EsOrderNoticeThread.sendUnNoticeOrderMsg(EsOrderNoticeThread.java:78)] - 发送未通知订单-取文件异常:com.goldsign.esmcs.exception.FileException: java.io.FileNotFoundException: E:\EsData\data\upload\error (拒绝访问。)
2020-11-25 16:22:38:INFO  [com.goldsign.esmcs.service.impl.CommuService.isCommuOk(CommuService.java:757)] - ES通讯测试连接，结果：true
2020-11-25 16:22:38:INFO  [com.goldsign.esmcs.thread.EsCommuMonitorThread.run(EsCommuMonitorThread.java:48)] - isCommuOktrue
